<?xml version="1.0" encoding="UTF-8"?>
<testng-results ignored="0" total="9" passed="9" failed="0" skipped="0">
  <reporter-output>
  </reporter-output>
  <suite started-at="2023-02-24T09:53:49 IST" name="Default suite" finished-at="2023-02-24T09:54:54 IST" duration-ms="65254">
    <groups>
      <group name="cucumber">
        <method signature="AbstractTestNGCucumberTests.runScenario(io.cucumber.testng.PickleWrapper,io.cucumber.testng.FeatureWrapper)[pri:0, instance:runnerfiles.RunnerClass$runnerfiles@5b218417]" name="runScenario" class="io.cucumber.testng.AbstractTestNGCucumberTests"/>
      </group> <!-- cucumber -->
    </groups>
    <test started-at="2023-02-24T09:53:49 IST" name="Default test" finished-at="2023-02-24T09:54:54 IST" duration-ms="65254">
      <class name="runnerfiles.RunnerClass$runnerfiles">
        <test-method is-config="true" signature="setUpClass(org.testng.ITestContext)[pri:0, instance:runnerfiles.RunnerClass$runnerfiles@5b218417]" started-at="2023-02-24T09:53:49 IST" name="setUpClass" finished-at="2023-02-24T09:53:51 IST" duration-ms="1357" status="PASS">
          <params>
            <param index="0">
              <value>
                <![CDATA[org.testng.TestRunner@1dc76fa1]]>
              </value>
            </param>
          </params>
          <reporter-output>
          </reporter-output>
        </test-method> <!-- setUpClass -->
        <test-method signature="runScenario(io.cucumber.testng.PickleWrapper,io.cucumber.testng.FeatureWrapper)[pri:0, instance:runnerfiles.RunnerClass$runnerfiles@5b218417]" started-at="2023-02-24T09:53:51 IST" name="runScenario" description="Runs Cucumber Scenarios" data-provider="scenarios" finished-at="2023-02-24T09:54:36 IST" duration-ms="45550" status="PASS">
          <params>
            <param index="0">
              <value>
                <![CDATA["verify specific items/objects are loaded onto the page."]]>
              </value>
            </param>
            <param index="1">
              <value>
                <![CDATA["Validate dataHub homepage"]]>
              </value>
            </param>
          </params>
          <reporter-output>
          </reporter-output>
        </test-method> <!-- runScenario -->
        <test-method signature="runScenario(io.cucumber.testng.PickleWrapper,io.cucumber.testng.FeatureWrapper)[pri:0, instance:runnerfiles.RunnerClass$runnerfiles@5b218417]" started-at="2023-02-24T09:53:51 IST" name="runScenario" description="Runs Cucumber Scenarios" data-provider="scenarios" finished-at="2023-02-24T09:54:30 IST" duration-ms="39573" status="PASS">
          <params>
            <param index="0">
              <value>
                <![CDATA["verify specific items/objects are loaded onto the page."]]>
              </value>
            </param>
            <param index="1">
              <value>
                <![CDATA["Validate dataHub homepage"]]>
              </value>
            </param>
          </params>
          <reporter-output>
          </reporter-output>
        </test-method> <!-- runScenario -->
        <test-method signature="runScenario(io.cucumber.testng.PickleWrapper,io.cucumber.testng.FeatureWrapper)[pri:0, instance:runnerfiles.RunnerClass$runnerfiles@5b218417]" started-at="2023-02-24T09:53:51 IST" name="runScenario" description="Runs Cucumber Scenarios" data-provider="scenarios" finished-at="2023-02-24T09:54:42 IST" duration-ms="51111" status="PASS">
          <params>
            <param index="0">
              <value>
                <![CDATA["verify specific items/objects are loaded onto the page."]]>
              </value>
            </param>
            <param index="1">
              <value>
                <![CDATA["Validate dataHub homepage"]]>
              </value>
            </param>
          </params>
          <reporter-output>
          </reporter-output>
        </test-method> <!-- runScenario -->
        <test-method signature="runScenario(io.cucumber.testng.PickleWrapper,io.cucumber.testng.FeatureWrapper)[pri:0, instance:runnerfiles.RunnerClass$runnerfiles@5b218417]" started-at="2023-02-24T09:53:51 IST" name="runScenario" description="Runs Cucumber Scenarios" data-provider="scenarios" finished-at="2023-02-24T09:54:43 IST" duration-ms="52425" status="PASS">
          <params>
            <param index="0">
              <value>
                <![CDATA["verify the links shown when you expand the listed sections OS Features API"]]>
              </value>
            </param>
            <param index="1">
              <value>
                <![CDATA["Validate dataHub homepage"]]>
              </value>
            </param>
          </params>
          <reporter-output>
          </reporter-output>
        </test-method> <!-- runScenario -->
        <test-method signature="runScenario(io.cucumber.testng.PickleWrapper,io.cucumber.testng.FeatureWrapper)[pri:0, instance:runnerfiles.RunnerClass$runnerfiles@5b218417]" started-at="2023-02-24T09:53:51 IST" name="runScenario" description="Runs Cucumber Scenarios" data-provider="scenarios" finished-at="2023-02-24T09:54:28 IST" duration-ms="37657" status="PASS">
          <params>
            <param index="0">
              <value>
                <![CDATA["verify the links shown when you expand the listed sections OS Downloads API"]]>
              </value>
            </param>
            <param index="1">
              <value>
                <![CDATA["Validate dataHub homepage"]]>
              </value>
            </param>
          </params>
          <reporter-output>
          </reporter-output>
        </test-method> <!-- runScenario -->
        <test-method signature="runScenario(io.cucumber.testng.PickleWrapper,io.cucumber.testng.FeatureWrapper)[pri:0, instance:runnerfiles.RunnerClass$runnerfiles@5b218417]" started-at="2023-02-24T09:53:51 IST" name="runScenario" description="Runs Cucumber Scenarios" data-provider="scenarios" finished-at="2023-02-24T09:54:30 IST" duration-ms="39671" status="PASS">
          <params>
            <param index="0">
              <value>
                <![CDATA["verify the links shown when you expand the listed sections OS Linked Identifiers API"]]>
              </value>
            </param>
            <param index="1">
              <value>
                <![CDATA["Validate dataHub homepage"]]>
              </value>
            </param>
          </params>
          <reporter-output>
          </reporter-output>
        </test-method> <!-- runScenario -->
        <test-method signature="runScenario(io.cucumber.testng.PickleWrapper,io.cucumber.testng.FeatureWrapper)[pri:0, instance:runnerfiles.RunnerClass$runnerfiles@5b218417]" started-at="2023-02-24T09:53:51 IST" name="runScenario" description="Runs Cucumber Scenarios" data-provider="scenarios" finished-at="2023-02-24T09:54:40 IST" duration-ms="49349" status="PASS">
          <params>
            <param index="0">
              <value>
                <![CDATA["verify specific items/objects are loaded onto the page."]]>
              </value>
            </param>
            <param index="1">
              <value>
                <![CDATA["Validate dataHub homepage"]]>
              </value>
            </param>
          </params>
          <reporter-output>
          </reporter-output>
        </test-method> <!-- runScenario -->
        <test-method signature="runScenario(io.cucumber.testng.PickleWrapper,io.cucumber.testng.FeatureWrapper)[pri:0, instance:runnerfiles.RunnerClass$runnerfiles@5b218417]" started-at="2023-02-24T09:53:51 IST" name="runScenario" description="Runs Cucumber Scenarios" data-provider="scenarios" finished-at="2023-02-24T09:54:43 IST" duration-ms="52774" status="PASS">
          <params>
            <param index="0">
              <value>
                <![CDATA["verify specific items/objects are loaded onto the page."]]>
              </value>
            </param>
            <param index="1">
              <value>
                <![CDATA["Validate dataHub homepage"]]>
              </value>
            </param>
          </params>
          <reporter-output>
          </reporter-output>
        </test-method> <!-- runScenario -->
        <test-method signature="runScenario(io.cucumber.testng.PickleWrapper,io.cucumber.testng.FeatureWrapper)[pri:0, instance:runnerfiles.RunnerClass$runnerfiles@5b218417]" started-at="2023-02-24T09:53:51 IST" name="runScenario" description="Runs Cucumber Scenarios" data-provider="scenarios" finished-at="2023-02-24T09:54:54 IST" duration-ms="63292" status="PASS">
          <params>
            <param index="0">
              <value>
                <![CDATA["Verify header is the landingPage"]]>
              </value>
            </param>
            <param index="1">
              <value>
                <![CDATA["Validate dataHub homepage"]]>
              </value>
            </param>
          </params>
          <reporter-output>
          </reporter-output>
        </test-method> <!-- runScenario -->
        <test-method is-config="true" signature="tearDownClass()[pri:0, instance:runnerfiles.RunnerClass$runnerfiles@5b218417]" started-at="2023-02-24T09:54:54 IST" name="tearDownClass" finished-at="2023-02-24T09:54:54 IST" duration-ms="526" status="PASS">
          <reporter-output>
          </reporter-output>
        </test-method> <!-- tearDownClass -->
      </class> <!-- runnerfiles.RunnerClass$runnerfiles -->
    </test> <!-- Default test -->
  </suite> <!-- Default suite -->
</testng-results>
