<?xml version="1.0" encoding="UTF-8"?>
<testng-results ignored="0" total="9" passed="9" failed="0" skipped="0">
  <reporter-output>
  </reporter-output>
  <suite started-at="2023-02-18T11:19:58 IST" name="Default suite" finished-at="2023-02-18T11:22:06 IST" duration-ms="127830">
    <groups>
      <group name="cucumber">
        <method signature="AbstractTestNGCucumberTests.runScenario(io.cucumber.testng.PickleWrapper,io.cucumber.testng.FeatureWrapper)[pri:0, instance:runnerfiles.RunnerClass$runnerfiles@5b218417]" name="runScenario" class="io.cucumber.testng.AbstractTestNGCucumberTests"/>
      </group> <!-- cucumber -->
    </groups>
    <test started-at="2023-02-18T11:19:58 IST" name="Default test" finished-at="2023-02-18T11:22:06 IST" duration-ms="127830">
      <class name="runnerfiles.RunnerClass$runnerfiles">
        <test-method is-config="true" signature="setUpClass(org.testng.ITestContext)[pri:0, instance:runnerfiles.RunnerClass$runnerfiles@5b218417]" started-at="2023-02-18T11:19:58 IST" name="setUpClass" finished-at="2023-02-18T11:19:59 IST" duration-ms="827" status="PASS">
          <params>
            <param index="0">
              <value>
                <![CDATA[org.testng.TestRunner@1d0b447b]]>
              </value>
            </param>
          </params>
          <reporter-output>
          </reporter-output>
        </test-method> <!-- setUpClass -->
        <test-method signature="runScenario(io.cucumber.testng.PickleWrapper,io.cucumber.testng.FeatureWrapper)[pri:0, instance:runnerfiles.RunnerClass$runnerfiles@5b218417]" started-at="2023-02-18T11:19:59 IST" name="runScenario" description="Runs Cucumber Scenarios" data-provider="scenarios" finished-at="2023-02-18T11:20:36 IST" duration-ms="37155" status="PASS">
          <params>
            <param index="0">
              <value>
                <![CDATA["Verify header is the landingPage"]]>
              </value>
            </param>
            <param index="1">
              <value>
                <![CDATA["Validate dataHub homepage"]]>
              </value>
            </param>
          </params>
          <reporter-output>
          </reporter-output>
        </test-method> <!-- runScenario -->
        <test-method signature="runScenario(io.cucumber.testng.PickleWrapper,io.cucumber.testng.FeatureWrapper)[pri:0, instance:runnerfiles.RunnerClass$runnerfiles@5b218417]" started-at="2023-02-18T11:20:36 IST" name="runScenario" description="Runs Cucumber Scenarios" data-provider="scenarios" finished-at="2023-02-18T11:20:49 IST" duration-ms="12747" status="PASS">
          <params>
            <param index="0">
              <value>
                <![CDATA["verify specific items/objects are loaded onto the page."]]>
              </value>
            </param>
            <param index="1">
              <value>
                <![CDATA["Validate dataHub homepage"]]>
              </value>
            </param>
          </params>
          <reporter-output>
          </reporter-output>
        </test-method> <!-- runScenario -->
        <test-method signature="runScenario(io.cucumber.testng.PickleWrapper,io.cucumber.testng.FeatureWrapper)[pri:0, instance:runnerfiles.RunnerClass$runnerfiles@5b218417]" started-at="2023-02-18T11:20:49 IST" name="runScenario" description="Runs Cucumber Scenarios" data-provider="scenarios" finished-at="2023-02-18T11:21:02 IST" duration-ms="12449" status="PASS">
          <params>
            <param index="0">
              <value>
                <![CDATA["verify specific items/objects are loaded onto the page."]]>
              </value>
            </param>
            <param index="1">
              <value>
                <![CDATA["Validate dataHub homepage"]]>
              </value>
            </param>
          </params>
          <reporter-output>
          </reporter-output>
        </test-method> <!-- runScenario -->
        <test-method signature="runScenario(io.cucumber.testng.PickleWrapper,io.cucumber.testng.FeatureWrapper)[pri:0, instance:runnerfiles.RunnerClass$runnerfiles@5b218417]" started-at="2023-02-18T11:21:02 IST" name="runScenario" description="Runs Cucumber Scenarios" data-provider="scenarios" finished-at="2023-02-18T11:21:20 IST" duration-ms="18218" status="PASS">
          <params>
            <param index="0">
              <value>
                <![CDATA["verify specific items/objects are loaded onto the page."]]>
              </value>
            </param>
            <param index="1">
              <value>
                <![CDATA["Validate dataHub homepage"]]>
              </value>
            </param>
          </params>
          <reporter-output>
          </reporter-output>
        </test-method> <!-- runScenario -->
        <test-method signature="runScenario(io.cucumber.testng.PickleWrapper,io.cucumber.testng.FeatureWrapper)[pri:0, instance:runnerfiles.RunnerClass$runnerfiles@5b218417]" started-at="2023-02-18T11:21:20 IST" name="runScenario" description="Runs Cucumber Scenarios" data-provider="scenarios" finished-at="2023-02-18T11:21:30 IST" duration-ms="9814" status="PASS">
          <params>
            <param index="0">
              <value>
                <![CDATA["verify specific items/objects are loaded onto the page."]]>
              </value>
            </param>
            <param index="1">
              <value>
                <![CDATA["Validate dataHub homepage"]]>
              </value>
            </param>
          </params>
          <reporter-output>
          </reporter-output>
        </test-method> <!-- runScenario -->
        <test-method signature="runScenario(io.cucumber.testng.PickleWrapper,io.cucumber.testng.FeatureWrapper)[pri:0, instance:runnerfiles.RunnerClass$runnerfiles@5b218417]" started-at="2023-02-18T11:21:30 IST" name="runScenario" description="Runs Cucumber Scenarios" data-provider="scenarios" finished-at="2023-02-18T11:21:40 IST" duration-ms="10256" status="PASS">
          <params>
            <param index="0">
              <value>
                <![CDATA["verify specific items/objects are loaded onto the page."]]>
              </value>
            </param>
            <param index="1">
              <value>
                <![CDATA["Validate dataHub homepage"]]>
              </value>
            </param>
          </params>
          <reporter-output>
          </reporter-output>
        </test-method> <!-- runScenario -->
        <test-method signature="runScenario(io.cucumber.testng.PickleWrapper,io.cucumber.testng.FeatureWrapper)[pri:0, instance:runnerfiles.RunnerClass$runnerfiles@5b218417]" started-at="2023-02-18T11:21:40 IST" name="runScenario" description="Runs Cucumber Scenarios" data-provider="scenarios" finished-at="2023-02-18T11:21:48 IST" duration-ms="8111" status="PASS">
          <params>
            <param index="0">
              <value>
                <![CDATA["verify the links shown when you expand the listed sections OS Downloads API"]]>
              </value>
            </param>
            <param index="1">
              <value>
                <![CDATA["Validate dataHub homepage"]]>
              </value>
            </param>
          </params>
          <reporter-output>
          </reporter-output>
        </test-method> <!-- runScenario -->
        <test-method signature="runScenario(io.cucumber.testng.PickleWrapper,io.cucumber.testng.FeatureWrapper)[pri:0, instance:runnerfiles.RunnerClass$runnerfiles@5b218417]" started-at="2023-02-18T11:21:48 IST" name="runScenario" description="Runs Cucumber Scenarios" data-provider="scenarios" finished-at="2023-02-18T11:21:57 IST" duration-ms="8867" status="PASS">
          <params>
            <param index="0">
              <value>
                <![CDATA["verify the links shown when you expand the listed sections OS Features API"]]>
              </value>
            </param>
            <param index="1">
              <value>
                <![CDATA["Validate dataHub homepage"]]>
              </value>
            </param>
          </params>
          <reporter-output>
          </reporter-output>
        </test-method> <!-- runScenario -->
        <test-method signature="runScenario(io.cucumber.testng.PickleWrapper,io.cucumber.testng.FeatureWrapper)[pri:0, instance:runnerfiles.RunnerClass$runnerfiles@5b218417]" started-at="2023-02-18T11:21:57 IST" name="runScenario" description="Runs Cucumber Scenarios" data-provider="scenarios" finished-at="2023-02-18T11:22:06 IST" duration-ms="8914" status="PASS">
          <params>
            <param index="0">
              <value>
                <![CDATA["verify the links shown when you expand the listed sections OS Linked Identifiers API"]]>
              </value>
            </param>
            <param index="1">
              <value>
                <![CDATA["Validate dataHub homepage"]]>
              </value>
            </param>
          </params>
          <reporter-output>
          </reporter-output>
        </test-method> <!-- runScenario -->
        <test-method is-config="true" signature="tearDownClass()[pri:0, instance:runnerfiles.RunnerClass$runnerfiles@5b218417]" started-at="2023-02-18T11:22:06 IST" name="tearDownClass" finished-at="2023-02-18T11:22:06 IST" duration-ms="405" status="PASS">
          <reporter-output>
          </reporter-output>
        </test-method> <!-- tearDownClass -->
      </class> <!-- runnerfiles.RunnerClass$runnerfiles -->
    </test> <!-- Default test -->
  </suite> <!-- Default suite -->
</testng-results>
